<?xml version="1.0" encoding="UTF-8"?>
<testsuite name="REST Tests.TestSuite1" tests="1" failures="0" errors="0" time="1.339"><properties><property name="java.specification.version" value="15"/><property name="sun.cpu.isalist" value="amd64"/><property name="sun.jnu.encoding" value="Cp1252"/><property name="java.class.path" value="C:\Program Files\SmartBear\SoapUI-5.6.1\bin\soapui-5.6.1.jar;C:\Program Files\SmartBear\SoapUI-5.6.1\bin\..\lib\activation-1.1.jar;C:\Program Files\SmartBear\SoapUI-5.6.1\bin\..\lib\analytics-core-5.5.2.jar;C:\Program Files\SmartBear\SoapUI-5.6.1\bin\..\lib\animal-sniffer-annotations-1.11.jar;C:\Program Files\SmartBear\SoapUI-5.6.1\bin\..\lib\ant-1.10.8.jar;C:\Program Files\SmartBear\SoapUI-5.6.1\bin\..\lib\ant-antlr-1.10.8.jar;C:\Program Files\SmartBear\SoapUI-5.6.1\bin\..\lib\ant-junit-1.10.8.jar;C:\Program Files\SmartBear\SoapUI-5.6.1\bin\..\lib\ant-launcher-1.10.8.jar;C:\Program Files\SmartBear\SoapUI-5.6.1\bin\..\lib\bcprov-jdk15on-1.64.jar;C:\Program Files\SmartBear\SoapUI-5.6.1\bin\..\lib\binding-2.0.1.jar;C:\Program Files\SmartBear\SoapUI-5.6.1\bin\..\lib\commons-beanutils-1.9.4.jar;C:\Program Files\SmartBear\SoapUI-5.6.1\bin\..\lib\commons-cli-1.2.jar;C:\Program Files\SmartBear\SoapUI-5.6.1\bin\..\lib\commons-codec-1.10.jar;C:\Program Files\SmartBear\SoapUI-5.6.1\bin\..\lib\commons-collections-3.2.2.jar;C:\Program Files\SmartBear\SoapUI-5.6.1\bin\..\lib\commons-httpclient-3.1.jar;C:\Program Files\SmartBear\SoapUI-5.6.1\bin\..\lib\commons-io-2.4.jar;C:\Program Files\SmartBear\SoapUI-5.6.1\bin\..\lib\commons-lang-2.4.jar;C:\Program Files\SmartBear\SoapUI-5.6.1\bin\..\lib\commons-logging-1.1.1.jar;C:\Program Files\SmartBear\SoapUI-5.6.1\bin\..\lib\cssparser-0.9.5.jar;C:\Program Files\SmartBear\SoapUI-5.6.1\bin\..\lib\dom4j-1.6.1.jar;C:\Program Files\SmartBear\SoapUI-5.6.1\bin\..\lib\ezmorph-1.0.5.jar;C:\Program Files\SmartBear\SoapUI-5.6.1\bin\..\lib\flex-messaging-common-1.0.jar;C:\Program Files\SmartBear\SoapUI-5.6.1\bin\..\lib\flex-messaging-core-1.0.jar;C:\Program Files\SmartBear\SoapUI-5.6.1\bin\..\lib\flex-messaging-opt-1.0.jar;C:\Program Files\SmartBear\SoapUI-5.6.1\bin\..\lib\flex-messaging-proxy-1.0.jar;C:\Program Files\SmartBear\SoapUI-5.6.1\bin\..\lib\flex-messaging-remoting-1.0.jar;C:\Program Files\SmartBear\SoapUI-5.6.1\bin\..\lib\forms-1.0.7.jar;C:\Program Files\SmartBear\SoapUI-5.6.1\bin\..\lib\google-http-client-1.21.0.jar;C:\Program Files\SmartBear\SoapUI-5.6.1\bin\..\lib\google-oauth-client-1.21.0.jar;C:\Program Files\SmartBear\SoapUI-5.6.1\bin\..\lib\groovy-3.0.6.jar;C:\Program Files\SmartBear\SoapUI-5.6.1\bin\..\lib\groovy-ant-3.0.6.jar;C:\Program Files\SmartBear\SoapUI-5.6.1\bin\..\lib\groovy-astbuilder-3.0.6.jar;C:\Program Files\SmartBear\SoapUI-5.6.1\bin\..\lib\groovy-cli-picocli-3.0.6.jar;C:\Program Files\SmartBear\SoapUI-5.6.1\bin\..\lib\groovy-console-3.0.6.jar;C:\Program Files\SmartBear\SoapUI-5.6.1\bin\..\lib\groovy-datetime-3.0.6.jar;C:\Program Files\SmartBear\SoapUI-5.6.1\bin\..\lib\groovy-dateutil-3.0.6.jar;C:\Program Files\SmartBear\SoapUI-5.6.1\bin\..\lib\groovy-docgenerator-3.0.6.jar;C:\Program Files\SmartBear\SoapUI-5.6.1\bin\..\lib\groovy-groovydoc-3.0.6.jar;C:\Program Files\SmartBear\SoapUI-5.6.1\bin\..\lib\groovy-groovysh-3.0.6.jar;C:\Program Files\SmartBear\SoapUI-5.6.1\bin\..\lib\groovy-jmx-3.0.6.jar;C:\Program Files\SmartBear\SoapUI-5.6.1\bin\..\lib\groovy-json-3.0.6.jar;C:\Program Files\SmartBear\SoapUI-5.6.1\bin\..\lib\groovy-jsr223-3.0.6.jar;C:\Program Files\SmartBear\SoapUI-5.6.1\bin\..\lib\groovy-macro-3.0.6.jar;C:\Program Files\SmartBear\SoapUI-5.6.1\bin\..\lib\groovy-nio-3.0.6.jar;C:\Program Files\SmartBear\SoapUI-5.6.1\bin\..\lib\groovy-servlet-3.0.6.jar;C:\Program Files\SmartBear\SoapUI-5.6.1\bin\..\lib\groovy-sql-3.0.6.jar;C:\Program Files\SmartBear\SoapUI-5.6.1\bin\..\lib\groovy-swing-3.0.6.jar;C:\Program Files\SmartBear\SoapUI-5.6.1\bin\..\lib\groovy-templates-3.0.6.jar;C:\Program Files\SmartBear\SoapUI-5.6.1\bin\..\lib\groovy-test-3.0.6.jar;C:\Program Files\SmartBear\SoapUI-5.6.1\bin\..\lib\groovy-test-junit5-3.0.6.jar;C:\Program Files\SmartBear\SoapUI-5.6.1\bin\..\lib\groovy-testng-3.0.6.jar;C:\Program Files\SmartBear\SoapUI-5.6.1\bin\..\lib\groovy-xml-3.0.6.jar;C:\Program Files\SmartBear\SoapUI-5.6.1\bin\..\lib\guava-14.0.jar;C:\Program Files\SmartBear\SoapUI-5.6.1\bin\..\lib\hamcrest-core-1.3.jar;C:\Program Files\SmartBear\SoapUI-5.6.1\bin\..\lib\hermes-1.14.jar;C:\Program Files\SmartBear\SoapUI-5.6.1\bin\..\lib\htmlunit-2.7.jar;C:\Program Files\SmartBear\SoapUI-5.6.1\bin\..\lib\htmlunit-core-js-2.7.jar;C:\Program Files\SmartBear\SoapUI-5.6.1\bin\..\lib\httpclient-4.5.5.jar;C:\Program Files\SmartBear\SoapUI-5.6.1\bin\..\lib\httpclient-cache-4.5.5.jar;C:\Program Files\SmartBear\SoapUI-5.6.1\bin\..\lib\httpcore-4.4.9.jar;C:\Program Files\SmartBear\SoapUI-5.6.1\bin\..\lib\httpcore-nio-4.4.9.jar;C:\Program Files\SmartBear\SoapUI-5.6.1\bin\..\lib\httpmime-4.5.5.jar;C:\Program Files\SmartBear\SoapUI-5.6.1\bin\..\lib\i4jruntime-5.1.14.jar;C:\Program Files\SmartBear\SoapUI-5.6.1\bin\..\lib\javafx-base-15-win.jar;C:\Program Files\SmartBear\SoapUI-5.6.1\bin\..\lib\javafx-base-15.jar;C:\Program Files\SmartBear\SoapUI-5.6.1\bin\..\lib\javafx-controls-15-win.jar;C:\Program Files\SmartBear\SoapUI-5.6.1\bin\..\lib\javafx-controls-15.jar;C:\Program Files\SmartBear\SoapUI-5.6.1\bin\..\lib\javafx-graphics-15-win.jar;C:\Program Files\SmartBear\SoapUI-5.6.1\bin\..\lib\javafx-graphics-15.jar;C:\Program Files\SmartBear\SoapUI-5.6.1\bin\..\lib\javafx-media-15-win.jar;C:\Program Files\SmartBear\SoapUI-5.6.1\bin\..\lib\javafx-media-15.jar;C:\Program Files\SmartBear\SoapUI-5.6.1\bin\..\lib\javafx-swing-15-win.jar;C:\Program Files\SmartBear\SoapUI-5.6.1\bin\..\lib\javafx-web-15-win.jar;C:\Program Files\SmartBear\SoapUI-5.6.1\bin\..\lib\javaparser-core-3.16.1.jar;C:\Program Files\SmartBear\SoapUI-5.6.1\bin\..\lib\javassist-3.16.1-GA.jar;C:\Program Files\SmartBear\SoapUI-5.6.1\bin\..\lib\jaxen-1.1-beta-8.jar;C:\Program Files\SmartBear\SoapUI-5.6.1\bin\..\lib\jcifs-1.2.9.jar;C:\Program Files\SmartBear\SoapUI-5.6.1\bin\..\lib\jcommander-1.78.jar;C:\Program Files\SmartBear\SoapUI-5.6.1\bin\..\lib\jdom-1.0.jar;C:\Program Files\SmartBear\SoapUI-5.6.1\bin\..\lib\jettison-1.2.jar;C:\Program Files\SmartBear\SoapUI-5.6.1\bin\..\lib\jetty-6.1.26.jar;C:\Program Files\SmartBear\SoapUI-5.6.1\bin\..\lib\jetty-util-6.1.26.jar;C:\Program Files\SmartBear\SoapUI-5.6.1\bin\..\lib\jline-2.14.6.jar;C:\Program Files\SmartBear\SoapUI-5.6.1\bin\..\lib\jms-1.1.jar;C:\Program Files\SmartBear\SoapUI-5.6.1\bin\..\lib\joda-time-1.6.2.jar;C:\Program Files\SmartBear\SoapUI-5.6.1\bin\..\lib\js-1.7R2.jar;C:\Program Files\SmartBear\SoapUI-5.6.1\bin\..\lib\json-20090211.jar;C:\Program Files\SmartBear\SoapUI-5.6.1\bin\..\lib\json-lib-2.2.2-jdk15.jar;C:\Program Files\SmartBear\SoapUI-5.6.1\bin\..\lib\json-path-0.9.1.jar;C:\Program Files\SmartBear\SoapUI-5.6.1\bin\..\lib\json-smart-1.2.jar;C:\Program Files\SmartBear\SoapUI-5.6.1\bin\..\lib\jsr173_api-1.0.jar;C:\Program Files\SmartBear\SoapUI-5.6.1\bin\..\lib\jsr305-1.3.9.jar;C:\Program Files\SmartBear\SoapUI-5.6.1\bin\..\lib\jtidy-r872-jdk15.jar;C:\Program Files\SmartBear\SoapUI-5.6.1\bin\..\lib\junit-4.13.1.jar;C:\Program Files\SmartBear\SoapUI-5.6.1\bin\..\lib\junit-jupiter-api-5.7.0.jar;C:\Program Files\SmartBear\SoapUI-5.6.1\bin\..\lib\junit-jupiter-engine-5.7.0.jar;C:\Program Files\SmartBear\SoapUI-5.6.1\bin\..\lib\junit-platform-commons-1.7.0.jar;C:\Program Files\SmartBear\SoapUI-5.6.1\bin\..\lib\junit-platform-engine-1.7.0.jar;C:\Program Files\SmartBear\SoapUI-5.6.1\bin\..\lib\junit-platform-launcher-1.7.0.jar;C:\Program Files\SmartBear\SoapUI-5.6.1\bin\..\lib\l2fprod-common-directorychooser-7.3.jar;C:\Program Files\SmartBear\SoapUI-5.6.1\bin\..\lib\l2fprod-common-fontchooser-7.3.jar;C:\Program Files\SmartBear\SoapUI-5.6.1\bin\..\lib\log4j-api-2.16.0.jar;C:\Program Files\SmartBear\SoapUI-5.6.1\bin\..\lib\log4j-core-2.16.0.jar;C:\Program Files\SmartBear\SoapUI-5.6.1\bin\..\lib\log4j-slf4j-impl-2.16.0.jar;C:\Program Files\SmartBear\SoapUI-5.6.1\bin\..\lib\looks-2.2.0.jar;C:\Program Files\SmartBear\SoapUI-5.6.1\bin\..\lib\mail-1.4.jar;C:\Program Files\SmartBear\SoapUI-5.6.1\bin\..\lib\maven-plugin-api-2.0.jar;C:\Program Files\SmartBear\SoapUI-5.6.1\bin\..\lib\mixpanel-java-1.4.4.jar;C:\Program Files\SmartBear\SoapUI-5.6.1\bin\..\lib\nekohtml-1.9.14.jar;C:\Program Files\SmartBear\SoapUI-5.6.1\bin\..\lib\not-going-to-be-commons-ssl-0.3.20.jar;C:\Program Files\SmartBear\SoapUI-5.6.1\bin\..\lib\opensaml-2.5.1-1.jar;C:\Program Files\SmartBear\SoapUI-5.6.1\bin\..\lib\opentest4j-1.2.0.jar;C:\Program Files\SmartBear\SoapUI-5.6.1\bin\..\lib\openws-1.4.2-1.jar;C:\Program Files\SmartBear\SoapUI-5.6.1\bin\..\lib\org.apache.oltu.oauth2.client-0.31.jar;C:\Program Files\SmartBear\SoapUI-5.6.1\bin\..\lib\org.apache.oltu.oauth2.common-0.31.jar;C:\Program Files\SmartBear\SoapUI-5.6.1\bin\..\lib\org.apache.oltu.oauth2.httpclient4-0.31.jar;C:\Program Files\SmartBear\SoapUI-5.6.1\bin\..\lib\out-app-analytics-provider-5.5.2.jar;C:\Program Files\SmartBear\SoapUI-5.6.1\bin\..\lib\picocli-4.5.1.jar;C:\Program Files\SmartBear\SoapUI-5.6.1\bin\..\lib\proxy-vole-20131209.jar;C:\Program Files\SmartBear\SoapUI-5.6.1\bin\..\lib\qdox-1.12.1.jar;C:\Program Files\SmartBear\SoapUI-5.6.1\bin\..\lib\reflections-0.9.9-RC1.jar;C:\Program Files\SmartBear\SoapUI-5.6.1\bin\..\lib\rsyntaxtextarea-2.5.0.jar;C:\Program Files\SmartBear\SoapUI-5.6.1\bin\..\lib\sac-1.3.jar;C:\Program Files\SmartBear\SoapUI-5.6.1\bin\..\lib\saxon-9.1.0.8j.jar;C:\Program Files\SmartBear\SoapUI-5.6.1\bin\..\lib\saxon-9.jar;C:\Program Files\SmartBear\SoapUI-5.6.1\bin\..\lib\saxon-dom-9.1.0.8j.jar;C:\Program Files\SmartBear\SoapUI-5.6.1\bin\..\lib\serializer-2.7.2.jar;C:\Program Files\SmartBear\SoapUI-5.6.1\bin\..\lib\servlet-api-2.5-20081211.jar;C:\Program Files\SmartBear\SoapUI-5.6.1\bin\..\lib\slf4j-api-1.7.25.jar;C:\Program Files\SmartBear\SoapUI-5.6.1\bin\..\lib\stax-api-1.0.1.jar;C:\Program Files\SmartBear\SoapUI-5.6.1\bin\..\lib\swingx-soapui.jar;C:\Program Files\SmartBear\SoapUI-5.6.1\bin\..\lib\testng-7.3.0.jar;C:\Program Files\SmartBear\SoapUI-5.6.1\bin\..\lib\ws-commons-util-1.0.2.jar;C:\Program Files\SmartBear\SoapUI-5.6.1\bin\..\lib\wsdl4j-1.6.2-fixed.jar;C:\Program Files\SmartBear\SoapUI-5.6.1\bin\..\lib\wss4j-1.6.16.jar;C:\Program Files\SmartBear\SoapUI-5.6.1\bin\..\lib\xalan-2.7.2.jar;C:\Program Files\SmartBear\SoapUI-5.6.1\bin\..\lib\xercesImpl-2.12.0.jar;C:\Program Files\SmartBear\SoapUI-5.6.1\bin\..\lib\xml-apis-1.4.01.jar;C:\Program Files\SmartBear\SoapUI-5.6.1\bin\..\lib\xml-apis-2.9.1.jar;C:\Program Files\SmartBear\SoapUI-5.6.1\bin\..\lib\xmlbeans-3.1.1-sb-fixed.jar;C:\Program Files\SmartBear\SoapUI-5.6.1\bin\..\lib\xmlbeans-xmlpublic-2.6.0.jar;C:\Program Files\SmartBear\SoapUI-5.6.1\bin\..\lib\xmlbeans-xpath-2.6.0.jar;C:\Program Files\SmartBear\SoapUI-5.6.1\bin\..\lib\xmlParserAPIs-2.6.2.jar;C:\Program Files\SmartBear\SoapUI-5.6.1\bin\..\lib\xmlpull-1.1.3.1.jar;C:\Program Files\SmartBear\SoapUI-5.6.1\bin\..\lib\xmlsec-1.4.5.jar;C:\Program Files\SmartBear\SoapUI-5.6.1\bin\..\lib\xmltooling-1.3.2-1.jar;C:\Program Files\SmartBear\SoapUI-5.6.1\bin\..\lib\xmlunit-1.2.jar;C:\Program Files\SmartBear\SoapUI-5.6.1\bin\..\lib\xom-1.1.jar;C:\Program Files\SmartBear\SoapUI-5.6.1\bin\..\lib\xpp3_min-1.1.4c.jar;C:\Program Files\SmartBear\SoapUI-5.6.1\bin\..\lib\xstream-1.4.13.jar;C:\Program Files\SmartBear\SoapUI-5.6.1\jre\lib\jfxrt.jar"/><property name="sun.awt.enableExtraMouseButtons" value="true"/><property name="java.vm.vendor" value="Oracle Corporation"/><property name="sun.arch.data.model" value="64"/><property name="user.variant" value=""/><property name="java.vendor.url" value="https://java.oracle.com/"/><property name="log4j2.formatMsgNoLookups" value="true"/><property name="user.timezone" value="Europe/Paris"/><property name="java.vm.specification.version" value="15"/><property name="os.name" value="Windows 10"/><property name="sun.java.launcher" value="SUN_STANDARD"/><property name="user.country" value="FR"/><property name="sun.boot.library.path" value="C:\Program Files\SmartBear\SoapUI-5.6.1\jre\bin"/><property name="sun.java.command" value="com.eviware.soapui.tools.SoapUITestCaseRunner -sTestSuite1 -cAssertions -r -j -J -fC:\Users\Romain\SoapUI Projects\Reports C:\Users\Romain\SoapUI Projects\REST-Tests-soapui-project.xml"/><property name="jdk.debug" value="release"/><property name="sun.cpu.endian" value="little"/><property name="user.home" value="C:\Users\Romain"/><property name="user.language" value="fr"/><property name="java.specification.vendor" value="Oracle Corporation"/><property name="soapui.home" value="C:\Program Files\SmartBear\SoapUI-5.6.1\bin\"/><property name="java.version.date" value="2020-09-15"/><property name="java.home" value="C:\Program Files\SmartBear\SoapUI-5.6.1\jre"/><property name="file.separator" value="\"/><property name="java.vm.compressedOopsMode" value="32-bit"/><property name="line.separator" value="
"/><property name="java.vm.specification.vendor" value="Oracle Corporation"/><property name="java.specification.name" value="Java Platform API Specification"/><property name="soapui.ext.listeners" value="C:\Program Files\SmartBear\SoapUI-5.6.1\bin\listeners"/><property name="user.script" value=""/><property name="sun.management.compiler" value="HotSpot 64-Bit Tiered Compilers"/><property name="java.runtime.version" value="15+36-1562"/><property name="user.name" value="Romain"/><property name="path.separator" value=";"/><property name="os.version" value="10.0"/><property name="java.runtime.name" value="OpenJDK Runtime Environment"/><property name="file.encoding" value="Cp1252"/><property name="soapui.ext.libraries" value="C:\Program Files\SmartBear\SoapUI-5.6.1\bin\ext"/><property name="java.vm.name" value="OpenJDK 64-Bit Server VM"/><property name="java.vendor.url.bug" value="https://bugreport.java.com/bugreport/"/><property name="java.io.tmpdir" value="C:\Users\Romain\AppData\Local\Temp\"/><property name="java.version" value="15"/><property name="user.dir" value="C:\Program Files\SmartBear\SoapUI-5.6.1\bin"/><property name="os.arch" value="amd64"/><property name="java.vm.specification.name" value="Java Virtual Machine Specification"/><property name="sun.os.patch.level" value=""/><property name="java.library.path" value="C:\Program Files\SmartBear\SoapUI-5.6.1\jre\bin;C:\WINDOWS\Sun\Java\bin;C:\WINDOWS\system32;C:\WINDOWS;C:\Program Files\Common Files\Oracle\Java\javapath;D:\database\test\dbhomeXE\bin;C:\Windows\system32;C:\Windows;C:\Windows\System32\Wbem;C:\Windows\System32\WindowsPowerShell\v1.0\;C:\WINDOWS\system32;C:\WINDOWS;C:\WINDOWS\System32\Wbem;C:\WINDOWS\System32\WindowsPowerShell\v1.0\;C:\WINDOWS\System32\OpenSSH\;C:\Program Files\NVIDIA Corporation\NVIDIA NvDLISR;;C:\Program Files (x86)\NVIDIA Corporation\PhysX\Common;C:\Users\Romain\AppData\Local\Programs\Python\Python310\Scripts\;C:\Users\Romain\AppData\Local\Programs\Python\Python310\;;c:\program files\smartbear\soapui-5.6.1\jre\bin;."/><property name="java.vm.info" value="mixed mode"/><property name="java.vendor" value="Oracle Corporation"/><property name="java.vm.version" value="15+36-1562"/><property name="sun.io.unicode.encoding" value="UnicodeLittle"/><property name="soapui.ext.actions" value="C:\Program Files\SmartBear\SoapUI-5.6.1\bin\actions"/><property name="java.class.version" value="59.0"/><property name="soapui.properties" value="soapui.properties"/></properties><testcase name="Assertions" time="1.339"><properties/></testcase></testsuite>